2025-07-22 18:55:18 | bingx        | INFO     | Starting BingX Complete Client for BTC-USDT 3m
2025-07-22 18:55:18 | bingx        | INFO     | Connecting to wss://open-api-swap.bingx.com/swap-market
2025-07-22 18:55:19 | bingx        | INFO     | Subscribing to BTC-USDT 3m klines
2025-07-22 18:55:37 | bingx        | DEBUG    | Live update: 18:54:00 UTC, Price: 120210.50
2025-07-22 18:55:55 | bingx        | DEBUG    | Live update: 18:54:00 UTC, Price: 120183.90
2025-07-22 18:56:10 | bingx        | DEBUG    | Live update: 18:54:00 UTC, Price: 120224.90
2025-07-22 18:56:18 | bingx        | INFO     | Stats: Uptime: 0:00:59 | Messages: 105 | Candles: 0 (Historical: 0) | Buckets: 0 | Gaps: 0 | Errors: 0 | Reconnects: 0
2025-07-22 18:56:26 | bingx        | DEBUG    | Live update: 18:54:00 UTC, Price: 120252.40
2025-07-22 18:56:42 | bingx        | DEBUG    | Live update: 18:54:00 UTC, Price: 120251.40
2025-07-22 18:56:56 | bingx        | DEBUG    | Live update: 18:54:00 UTC, Price: 120242.70
2025-07-22 18:57:01 | bingx        | INFO     | Closed candle: 2025-07-22 18:54:00 | O: 119876.20 | H: 120300.00 | L: 119876.20 | C: 120241.50 | V: 132.50
2025-07-22 18:57:01 | bingx        | DEBUG    | Added to bucket ('2025-07-22', 54): 1/7 candles
2025-07-22 18:57:01 | bingx        | INFO     | Bucket progress ('2025-07-22', 54): 1/7 candles
2025-07-22 18:57:13 | bingx        | DEBUG    | Live update: 18:57:00 UTC, Price: 120238.80
2025-07-22 18:57:18 | bingx        | INFO     | Stats: Uptime: 0:01:59 | Messages: 220 | Candles: 1 (Historical: 0) | Buckets: 0 | Gaps: 0 | Errors: 0 | Reconnects: 0
2025-07-22 18:57:30 | bingx        | DEBUG    | Live update: 18:57:00 UTC, Price: 120184.30
2025-07-22 18:57:47 | bingx        | DEBUG    | Live update: 18:57:00 UTC, Price: 119993.70
2025-07-22 18:58:04 | bingx        | DEBUG    | Live update: 18:57:00 UTC, Price: 119978.40
2025-07-22 18:58:18 | bingx        | INFO     | Stats: Uptime: 0:02:59 | Messages: 328 | Candles: 1 (Historical: 0) | Buckets: 0 | Gaps: 0 | Errors: 0 | Reconnects: 0
2025-07-22 18:58:19 | bingx        | DEBUG    | Live update: 18:57:00 UTC, Price: 120018.60
2025-07-22 18:58:35 | bingx        | DEBUG    | Live update: 18:57:00 UTC, Price: 119982.80
2025-07-22 18:58:50 | bingx        | DEBUG    | Live update: 18:57:00 UTC, Price: 119950.90
2025-07-22 18:59:07 | bingx        | DEBUG    | Live update: 18:57:00 UTC, Price: 119885.60
2025-07-22 18:59:18 | bingx        | INFO     | Stats: Uptime: 0:03:59 | Messages: 441 | Candles: 1 (Historical: 0) | Buckets: 0 | Gaps: 0 | Errors: 0 | Reconnects: 0
2025-07-22 18:59:23 | bingx        | DEBUG    | Live update: 18:57:00 UTC, Price: 119800.00
2025-07-22 18:59:39 | bingx        | DEBUG    | Live update: 18:57:00 UTC, Price: 119807.90
2025-07-22 18:59:55 | bingx        | DEBUG    | Live update: 18:57:00 UTC, Price: 119830.10
2025-07-22 19:00:01 | bingx        | INFO     | Closed candle: 2025-07-22 18:57:00 | O: 120241.50 | H: 120265.80 | L: 119776.30 | C: 119810.80 | V: 58.67
2025-07-22 19:00:01 | bingx        | DEBUG    | Added to bucket ('2025-07-22', 54): 2/7 candles
2025-07-22 19:00:14 | bingx        | DEBUG    | Live update: 19:00:00 UTC, Price: 119868.00
2025-07-22 19:00:18 | bingx        | INFO     | State saved to bingx_data/state.json
2025-07-22 19:00:18 | bingx        | INFO     | Stats: Uptime: 0:04:59 | Messages: 551 | Candles: 2 (Historical: 0) | Buckets: 0 | Gaps: 0 | Errors: 0 | Reconnects: 0
2025-07-22 19:00:29 | bingx        | DEBUG    | Live update: 19:00:00 UTC, Price: 119857.00
2025-07-22 19:00:44 | bingx        | DEBUG    | Live update: 19:00:00 UTC, Price: 119790.50
2025-07-22 19:00:59 | bingx        | DEBUG    | Live update: 19:00:00 UTC, Price: 119802.00
2025-07-22 19:01:15 | bingx        | DEBUG    | Live update: 19:00:00 UTC, Price: 119779.30
2025-07-22 19:01:18 | bingx        | INFO     | Stats: Uptime: 0:05:59 | Messages: 667 | Candles: 2 (Historical: 0) | Buckets: 0 | Gaps: 0 | Errors: 0 | Reconnects: 0
2025-07-22 19:01:31 | bingx        | DEBUG    | Live update: 19:00:00 UTC, Price: 119750.60
2025-07-22 19:01:46 | bingx        | DEBUG    | Live update: 19:00:00 UTC, Price: 119741.60
